Build started 8/17/2015 3:26:43 PM.
     1>Project "C:\Users\srihars\documents\visual studio 2013\Projects\TC-664-BearPlays\TC-664-BearPlays\TC-664-BearPlays.vcxproj" on node 2 (Build target(s)).
     1>ClCompile:
         C:\Program Files (x86)\Microsoft Visual Studio 12.0\VC\bin\CL.exe /c /ZI /nologo /W3 /WX- /Od /Oy- /D WIN32 /D _DEBUG /D _CONSOLE /D _LIB /D _UNICODE /D UNICODE /Gm /EHsc /RTC1 /MDd /GS /fp:precise /Zc:wchar_t /Zc:forScope /Fo"Debug\\" /Fd"Debug\vc120.pdb" /Gd /TP /analyze- /errorReport:prompt Source.cpp
         Source.cpp
     1>c:\users\srihars\documents\visual studio 2013\projects\tc-664-bearplays\tc-664-bearplays\source.cpp(26): warning C4244: 'return' : conversion from '__int64' to 'int', possible loss of data
     1>c:\users\srihars\documents\visual studio 2013\projects\tc-664-bearplays\tc-664-bearplays\source.cpp(40): warning C4244: 'return' : conversion from '__int64' to 'int', possible loss of data
     1>c:\users\srihars\documents\visual studio 2013\projects\tc-664-bearplays\tc-664-bearplays\source.cpp(41): warning C4244: 'argument' : conversion from '__int64' to 'const int', possible loss of data
     1>c:\users\srihars\documents\visual studio 2013\projects\tc-664-bearplays\tc-664-bearplays\source.cpp(46): warning C4244: 'argument' : conversion from '__int64' to 'const int', possible loss of data
     1>c:\users\srihars\documents\visual studio 2013\projects\tc-664-bearplays\tc-664-bearplays\source.cpp(53): warning C4244: 'argument' : conversion from '__int64' to 'const int', possible loss of data
     1>c:\users\srihars\documents\visual studio 2013\projects\tc-664-bearplays\tc-664-bearplays\source.cpp(56): warning C4244: 'return' : conversion from '__int64' to 'int', possible loss of data
     1>c:\users\srihars\documents\visual studio 2013\projects\tc-664-bearplays\tc-664-bearplays\source.cpp(57): warning C4244: 'return' : conversion from '__int64' to 'int', possible loss of data
     1>c:\users\srihars\documents\visual studio 2013\projects\tc-664-bearplays\tc-664-bearplays\source.cpp(60): warning C4244: '=' : conversion from '__int64' to 'int', possible loss of data
     1>c:\users\srihars\documents\visual studio 2013\projects\tc-664-bearplays\tc-664-bearplays\source.cpp(63): warning C4244: 'argument' : conversion from '__int64' to 'const int', possible loss of data
     1>c:\users\srihars\documents\visual studio 2013\projects\tc-664-bearplays\tc-664-bearplays\source.cpp(63): warning C4244: '=' : conversion from '__int64' to 'int', possible loss of data
     1>c:\users\srihars\documents\visual studio 2013\projects\tc-664-bearplays\tc-664-bearplays\source.cpp(64): warning C4244: 'argument' : conversion from '__int64' to 'const int', possible loss of data
     1>c:\users\srihars\documents\visual studio 2013\projects\tc-664-bearplays\tc-664-bearplays\source.cpp(64): warning C4244: '=' : conversion from '__int64' to 'int', possible loss of data
     1>c:\users\srihars\documents\visual studio 2013\projects\tc-664-bearplays\tc-664-bearplays\source.cpp(68): warning C4244: 'argument' : conversion from '__int64' to 'const int', possible loss of data
     1>c:\users\srihars\documents\visual studio 2013\projects\tc-664-bearplays\tc-664-bearplays\source.cpp(68): warning C4244: '=' : conversion from '__int64' to 'int', possible loss of data
     1>c:\users\srihars\documents\visual studio 2013\projects\tc-664-bearplays\tc-664-bearplays\source.cpp(69): warning C4244: 'argument' : conversion from '__int64' to 'const int', possible loss of data
     1>c:\users\srihars\documents\visual studio 2013\projects\tc-664-bearplays\tc-664-bearplays\source.cpp(69): warning C4244: '=' : conversion from '__int64' to 'int', possible loss of data
       Link:
         C:\Program Files (x86)\Microsoft Visual Studio 12.0\VC\bin\link.exe /ERRORREPORT:PROMPT /OUT:"C:\Users\srihars\documents\visual studio 2013\Projects\TC-664-BearPlays\Debug\TC-664-BearPlays.exe" /INCREMENTAL /NOLOGO kernel32.lib user32.lib gdi32.lib winspool.lib comdlg32.lib advapi32.lib shell32.lib ole32.lib oleaut32.lib uuid.lib odbc32.lib odbccp32.lib /MANIFEST /MANIFESTUAC:"level='asInvoker' uiAccess='false'" /manifest:embed /DEBUG /PDB:"C:\Users\srihars\documents\visual studio 2013\Projects\TC-664-BearPlays\Debug\TC-664-BearPlays.pdb" /SUBSYSTEM:CONSOLE /TLBID:1 /DYNAMICBASE /NXCOMPAT /IMPLIB:"C:\Users\srihars\documents\visual studio 2013\Projects\TC-664-BearPlays\Debug\TC-664-BearPlays.lib" /MACHINE:X86 Debug\Source.obj
         TC-664-BearPlays.vcxproj -> C:\Users\srihars\documents\visual studio 2013\Projects\TC-664-BearPlays\Debug\TC-664-BearPlays.exe
     1>Done Building Project "C:\Users\srihars\documents\visual studio 2013\Projects\TC-664-BearPlays\TC-664-BearPlays\TC-664-BearPlays.vcxproj" (Build target(s)).

Build succeeded.

Time Elapsed 00:00:01.12
